🎤 And.
🎤 [ Pause ]
🎤 [BLANK_AUDIO]
🎤 [typing sounds]
🎤 [BLANK_AUDIO]
🎤 and transcribe.
🎤 It's running, but it transcribed wrong.
🎤 [BLANK_AUDIO]
🎤 [BLANK_AUDIO]
🎤 (upbeat music)
🎤 (upbeat music)
🎤 - That's so good.
🎤 [BLANK_AUDIO]
🎤 (laughing) (speaking in foreign language)
🎤 Good.
🎤 [INAUDIBLE]
🎤 (mumbles)
🎤 [inaudible]
🎤 [inaudible]
🎤 Smash the block.
🎤 Okay. Let's keep it together.
🎤 (snoring)
🎤 (speaking in foreign language)
🎤 [BLANK_AUDIO]
🎤 [inaudible]
🎤 [BLANK_AUDIO]
🎤 (speaking in foreign language)
🎤 Okay.
🎤 [BLANK_AUDIO]
🎤 Well.
🎤 [BLANK_AUDIO]
🎤 [BLANK_AUDIO]
🎤 [BLANK_AUDIO]
🎤 [ Silence ]
🎤 [BLANK_AUDIO]
🎤 Got some as long as the line test is.
🎤 [BLANK_AUDIO]
🎤 Crazy. So many. I guess bad.
🎤 [BLANK_AUDIO]
🎤 [BLANK_AUDIO]
🎤 [BLANK_AUDIO]
🎤 [BLANK_AUDIO]
🎤 [BLANK_AUDIO]
🎤 [BLANK_AUDIO]
🎤 [BLANK_AUDIO]
🎤 [BLANK_AUDIO]
🎤 [ Silence ]
🎤 [BLANK_AUDIO]
🎤 [BLANK_AUDIO]
🎤 [BLANK_AUDIO]
🎤 [BLANK_AUDIO]
🎤 (air whooshing)
🎤 [BLANK_AUDIO]
🎤 [BLANK_AUDIO]
🎤 [BLANK_AUDIO]
🎤 [BLANK_AUDIO]
🎤 [BLANK_AUDIO]
🎤 [BLANK_AUDIO]
